2026-03-02 07:11:17,961 [INFO] Proxy enabled: http://127.0.0.1:10808
2026-03-02 07:11:17,969 [INFO] [SH600519] Fetching K-lines: 2026-03-02 -> 2026-03-02
2026-03-02 07:11:24,762 [INFO] [SH600519] Fetching K-lines: 2023-03-02 -> 2024-02-29
2026-03-02 07:11:27,912 [INFO] Safe sleep for 7.85s...
2026-03-02 07:11:35,764 [INFO] [SZ000858] Fetching K-lines: 2026-03-02 -> 2026-03-02
2026-03-02 07:11:39,427 [INFO] [SZ000858] Fetching K-lines: 2023-03-02 -> 2024-02-29
2026-03-02 07:11:41,095 [INFO] Safe sleep for 6.91s...
2026-03-02 07:11:48,007 [INFO] [AAPL] Fetching K-lines: 2026-03-02 -> 2026-03-02
2026-03-02 07:11:51,974 [INFO] [AAPL] Fetching K-lines: 2024-03-01 -> 2025-02-28
2026-03-02 07:11:53,134 [INFO] Safe sleep for 7.13s...
2026-03-02 07:12:00,276 [INFO] [NVDA] Fetching K-lines: 2026-03-02 -> 2026-03-02
2026-03-02 07:12:01,268 [INFO] [NVDA] Fetching K-lines: 2024-03-01 -> 2025-02-28
2026-03-02 07:12:05,339 [INFO] Safe sleep for 6.23s...
2026-03-02 07:12:11,569 [INFO] [00700] Fetching K-lines: 2026-03-02 -> 2026-03-02
2026-03-02 07:12:12,865 [INFO] [00700] Fetching K-lines: 2024-03-01 -> 2025-02-28
2026-03-02 07:12:13,782 [INFO] Safe sleep for 3.22s...
2026-03-02 07:12:17,005 [INFO] [09988] Fetching K-lines: 2024-01-01 -> 2026-03-02
2026-03-02 07:12:19,504 [INFO] [09988] Fetching K-lines: 2025-03-02 -> 2026-03-01
2026-03-02 07:12:21,596 [INFO] Safe sleep for 6.66s...
2026-03-02 07:12:28,261 [INFO] [00981] Fetching K-lines: 2024-01-01 -> 2026-03-02
2026-03-02 07:12:29,337 [INFO] [00981] Fetching K-lines: 2025-03-02 -> 2026-03-01
2026-03-02 07:12:31,942 [INFO] Safe sleep for 6.80s...
2026-03-02 07:12:38,742 [INFO] [01810] Fetching K-lines: 2024-01-01 -> 2026-03-02
2026-03-02 07:12:40,969 [INFO] [01810] Fetching K-lines: 2025-03-02 -> 2026-03-01
2026-03-02 07:12:42,678 [INFO] Safe sleep for 6.41s...
2026-03-02 07:12:49,094 [INFO] [02020] Fetching K-lines: 2024-01-01 -> 2026-03-02
2026-03-02 07:12:52,366 [INFO] [02020] Fetching K-lines: 2025-03-02 -> 2026-03-01
2026-03-02 07:12:53,239 [INFO] Safe sleep for 6.79s...
2026-03-02 07:13:00,036 [INFO] [03750] Fetching K-lines: 2024-01-01 -> 2026-03-02
2026-03-02 07:13:02,766 [INFO] [03750] Fetching K-lines: 2025-03-02 -> 2026-03-01
2026-03-02 07:13:03,724 [INFO] Safe sleep for 5.69s...
2026-03-02 07:13:09,414 [INFO] [09868] Fetching K-lines: 2024-01-01 -> 2026-03-02
2026-03-02 07:13:11,554 [INFO] [09868] Fetching K-lines: 2025-03-02 -> 2026-03-01
2026-03-02 07:13:12,938 [INFO] Safe sleep for 7.10s...
2026-03-02 07:13:20,043 [INFO] [09626] Fetching K-lines: 2024-01-01 -> 2026-03-02
2026-03-02 07:13:22,426 [INFO] [09626] Fetching K-lines: 2025-03-02 -> 2026-03-01
2026-03-02 07:13:23,592 [INFO] Safe sleep for 5.01s...
2026-03-02 07:13:28,610 [INFO] [02525] Fetching K-lines: 2024-01-01 -> 2026-03-02
2026-03-02 07:13:30,877 [INFO] [02525] Fetching K-lines: 2025-03-02 -> 2026-03-01
2026-03-02 07:13:31,983 [INFO] Safe sleep for 8.00s...
2026-03-02 07:13:39,986 [INFO] [09660] Fetching K-lines: 2024-01-01 -> 2026-03-02
2026-03-02 07:13:42,005 [INFO] [09660] Fetching K-lines: 2025-03-02 -> 2026-03-01
2026-03-02 07:13:44,241 [INFO] Safe sleep for 5.37s...
2026-03-02 07:13:49,610 [INFO] [SZ000063] Fetching K-lines: 2024-01-01 -> 2026-03-02
2026-03-02 07:13:53,983 [INFO] [SZ000063] Fetching K-lines: 2025-03-02 -> 2026-03-01
2026-03-02 07:13:55,503 [INFO] Safe sleep for 7.67s...
2026-03-02 07:14:03,176 [INFO] [SH588200] Fetching K-lines: 2024-01-01 -> 2026-03-02
2026-03-02 07:14:04,120 [ERROR] [SH588200] Fetch Failed: No value to decode
2026-03-02 07:14:04,120 [INFO] [SH588200] Fetching K-lines: 2025-03-02 -> 2026-03-01
2026-03-02 07:14:07,077 [ERROR] [SH588200] Fetch Failed: No value to decode
2026-03-02 07:14:07,078 [INFO] Safe sleep for 7.71s...
2026-03-02 07:14:14,790 [INFO] [SZ300308] Fetching K-lines: 2024-01-01 -> 2026-03-02
2026-03-02 07:14:16,506 [INFO] [SZ300308] Fetching K-lines: 2025-03-02 -> 2026-03-01
2026-03-02 07:14:20,664 [INFO] Safe sleep for 5.42s...
2026-03-02 07:14:26,087 [INFO] [SZ300502] Fetching K-lines: 2024-01-01 -> 2026-03-02
2026-03-02 07:14:27,799 [INFO] [SZ300502] Fetching K-lines: 2025-03-02 -> 2026-03-01
2026-03-02 07:14:31,781 [INFO] Safe sleep for 6.06s...
2026-03-02 07:14:37,842 [INFO] [SH688017] Fetching K-lines: 2024-01-01 -> 2026-03-02
2026-03-02 07:14:39,954 [INFO] [SH688017] Fetching K-lines: 2025-03-02 -> 2026-03-01
2026-03-02 07:14:42,611 [INFO] Safe sleep for 7.79s...
2026-03-02 07:14:50,408 [INFO] [SH600118] Fetching K-lines: 2024-01-01 -> 2026-03-02
2026-03-02 07:14:53,057 [INFO] [SH600118] Fetching K-lines: 2025-03-02 -> 2026-03-01
2026-03-02 07:14:56,093 [INFO] Safe sleep for 6.48s...
2026-03-02 07:15:02,582 [INFO] [SH600893] Fetching K-lines: 2024-01-01 -> 2026-03-02
2026-03-02 07:15:07,157 [INFO] [SH600893] Fetching K-lines: 2025-03-02 -> 2026-03-01
2026-03-02 07:15:12,678 [INFO] Safe sleep for 6.63s...
2026-03-02 07:15:19,304 [INFO] All enabled sync tasks processed.
2026-03-02 08:41:16,585 [INFO] Proxy enabled: http://127.0.0.1:10808
2026-03-02 08:41:16,585 [INFO] Starting Deep Audit...
2026-03-02 08:41:16,643 [WARNING] AUDIT ALERT: SH600519 has 1 gaps between 2023-03-02 and 2026-03-02
2026-03-02 08:41:16,698 [WARNING] AUDIT ALERT: SZ000858 has 1 gaps between 2023-03-02 and 2026-03-02
2026-03-02 08:41:16,927 [WARNING] AUDIT ALERT: AAPL has 1 gaps between 2024-03-01 and 2026-03-02
2026-03-02 08:41:17,164 [WARNING] AUDIT ALERT: NVDA has 1 gaps between 2024-03-01 and 2026-03-02
2026-03-02 08:41:17,328 [WARNING] AUDIT ALERT: 00700 has 1 gaps between 2024-03-01 and 2026-03-02
2026-03-02 08:41:17,486 [WARNING] AUDIT ALERT: 09988 has 1 gaps between 2025-03-02 and 2026-03-02
2026-03-02 08:41:17,642 [WARNING] AUDIT ALERT: 00981 has 1 gaps between 2025-03-02 and 2026-03-02
2026-03-02 08:41:17,796 [WARNING] AUDIT ALERT: 01810 has 1 gaps between 2025-03-02 and 2026-03-02
2026-03-02 08:41:17,957 [WARNING] AUDIT ALERT: 02020 has 1 gaps between 2025-03-02 and 2026-03-02
2026-03-02 08:41:18,109 [WARNING] AUDIT ALERT: 03750 has 52 gaps between 2025-03-02 and 2026-03-02
2026-03-02 08:41:18,260 [WARNING] AUDIT ALERT: 09868 has 1 gaps between 2025-03-02 and 2026-03-02
2026-03-02 08:41:18,412 [WARNING] AUDIT ALERT: 09626 has 1 gaps between 2025-03-02 and 2026-03-02
2026-03-02 08:41:18,564 [WARNING] AUDIT ALERT: 02525 has 136 gaps between 2025-03-02 and 2026-03-02
2026-03-02 08:41:18,717 [WARNING] AUDIT ALERT: 09660 has 1 gaps between 2025-03-02 and 2026-03-02
2026-03-02 08:41:18,746 [WARNING] AUDIT ALERT: SZ000063 has 1 gaps between 2025-03-02 and 2026-03-02
2026-03-02 08:41:18,776 [WARNING] AUDIT ALERT: SZ300308 has 1 gaps between 2025-03-02 and 2026-03-02
2026-03-02 08:41:18,806 [WARNING] AUDIT ALERT: SZ300502 has 1 gaps between 2025-03-02 and 2026-03-02
2026-03-02 08:41:18,841 [WARNING] AUDIT ALERT: SH688017 has 1 gaps between 2025-03-02 and 2026-03-02
2026-03-02 08:41:18,870 [WARNING] AUDIT ALERT: SH600118 has 1 gaps between 2025-03-02 and 2026-03-02
2026-03-02 08:41:18,899 [WARNING] AUDIT ALERT: SH600893 has 1 gaps between 2025-03-02 and 2026-03-02
2026-03-02 08:41:18,899 [WARNING] Audit: Found gaps in 20 stocks.
2026-03-02 08:41:18,899 [INFO] Fixing SH600519 gap: 2026-03-02
2026-03-02 08:41:18,899 [INFO] [SH600519] Syncing range: 2026-03-02 -> 2026-03-02
2026-03-02 08:41:24,148 [INFO] Fixing SZ000858 gap: 2026-03-02
2026-03-02 08:41:24,148 [INFO] [SZ000858] Syncing range: 2026-03-02 -> 2026-03-02
2026-03-02 08:41:28,772 [INFO] Fixing AAPL gap: 2026-03-02
2026-03-02 08:41:28,772 [INFO] [AAPL] Syncing range: 2026-03-02 -> 2026-03-02
2026-03-02 08:41:33,388 [INFO] Fixing NVDA gap: 2026-03-02
2026-03-02 08:41:33,389 [INFO] [NVDA] Syncing range: 2026-03-02 -> 2026-03-02
2026-03-02 08:41:35,432 [INFO] Fixing 00700 gap: 2026-03-02
2026-03-02 08:41:35,432 [INFO] [00700] Syncing range: 2026-03-02 -> 2026-03-02
2026-03-02 08:41:37,626 [INFO] Fixing 09988 gap: 2026-03-02
2026-03-02 08:41:37,626 [INFO] [09988] Syncing range: 2026-03-02 -> 2026-03-02
2026-03-02 08:41:45,740 [INFO] Fixing 00981 gap: 2026-03-02
2026-03-02 08:41:45,741 [INFO] [00981] Syncing range: 2026-03-02 -> 2026-03-02
2026-03-02 08:41:47,625 [INFO] Fixing 01810 gap: 2026-03-02
2026-03-02 08:41:47,625 [INFO] [01810] Syncing range: 2026-03-02 -> 2026-03-02
2026-03-02 08:41:52,606 [INFO] Fixing 02020 gap: 2026-03-02
2026-03-02 08:41:52,606 [INFO] [02020] Syncing range: 2026-03-02 -> 2026-03-02
2026-03-02 08:41:56,932 [INFO] Fixing 03750 gap: 2025-03-03
2026-03-02 08:41:56,933 [INFO] [03750] Syncing range: 2025-03-03 -> 2025-03-03
2026-03-02 08:41:58,976 [INFO] Fixing 03750 gap: 2025-03-04
2026-03-02 08:41:58,976 [INFO] [03750] Syncing range: 2025-03-04 -> 2025-03-04
2026-03-02 08:42:00,565 [INFO] Fixing 03750 gap: 2025-03-05
2026-03-02 08:42:00,565 [INFO] [03750] Syncing range: 2025-03-05 -> 2025-03-05
2026-03-02 08:42:04,445 [INFO] Fixing 03750 gap: 2025-03-06
2026-03-02 08:42:04,445 [INFO] [03750] Syncing range: 2025-03-06 -> 2025-03-06
2026-03-02 08:42:06,050 [INFO] Fixing 03750 gap: 2025-03-07
2026-03-02 08:42:06,050 [INFO] [03750] Syncing range: 2025-03-07 -> 2025-03-07
2026-03-02 08:42:09,406 [INFO] Fixing 03750 gap: 2025-03-10
2026-03-02 08:42:09,406 [INFO] [03750] Syncing range: 2025-03-10 -> 2025-03-10
2026-03-02 08:42:11,080 [INFO] Fixing 03750 gap: 2025-03-11
2026-03-02 08:42:11,080 [INFO] [03750] Syncing range: 2025-03-11 -> 2025-03-11
2026-03-02 08:42:12,681 [INFO] Fixing 03750 gap: 2025-03-12
2026-03-02 08:42:12,682 [INFO] [03750] Syncing range: 2025-03-12 -> 2025-03-12
2026-03-02 08:42:15,585 [INFO] Fixing 03750 gap: 2025-03-13
2026-03-02 08:42:15,586 [INFO] [03750] Syncing range: 2025-03-13 -> 2025-03-13
2026-03-02 13:22:43,733 [INFO] [MainThread] Proxy enabled: http://127.0.0.1:10808
2026-03-02 13:22:43,743 [INFO] [SyncWorker_0] [SH600519] Syncing: 2022-03-02 -> 2023-03-01
2026-03-02 13:22:43,763 [INFO] [SyncWorker_2] [AAPL] Syncing: 2023-03-02 -> 2024-02-29
2026-03-02 13:22:43,765 [ERROR] [SyncWorker_1] [SZ000858] Sync Task Exception: cannot commit - no transaction is active
2026-03-02 13:22:43,769 [INFO] [SyncWorker_1] [NVDA] Syncing: 2023-03-02 -> 2024-02-29
2026-03-02 13:22:50,173 [INFO] [SyncWorker_2] [AAPL] Jitter sleep: 3.12s...
2026-03-02 13:22:53,301 [INFO] [SyncWorker_2] [00700] Syncing: 2023-03-02 -> 2024-02-29
2026-03-02 13:22:56,038 [INFO] [SyncWorker_2] [00700] Jitter sleep: 7.70s...
2026-03-02 13:23:01,723 [ERROR] [SyncWorker_0] [SH600519] Fetch/Save Failed: RetryError[<Future at 0x7f4309b97510 state=finished raised ProxyError>]
2026-03-02 13:23:01,728 [INFO] [SyncWorker_0] [SH600519] Jitter sleep: 3.42s...
2026-03-02 13:23:03,742 [INFO] [SyncWorker_2] [09988] Syncing: 2024-03-02 -> 2025-03-01
2026-03-02 13:23:05,157 [INFO] [SyncWorker_0] [00981] Syncing: 2024-03-02 -> 2025-03-01
2026-03-02 13:23:06,696 [INFO] [SyncWorker_2] [09988] Jitter sleep: 5.79s...
2026-03-02 13:23:09,167 [INFO] [SyncWorker_0] [00981] Jitter sleep: 3.64s...
2026-03-02 13:23:12,491 [INFO] [SyncWorker_2] [01810] Syncing: 2024-03-02 -> 2025-03-01
2026-03-02 13:23:12,816 [INFO] [SyncWorker_0] [02020] Syncing: 2024-03-02 -> 2025-03-01
2026-03-02 13:23:16,284 [INFO] [SyncWorker_2] [01810] Jitter sleep: 4.65s...
2026-03-02 13:23:17,588 [INFO] [SyncWorker_0] [02020] Jitter sleep: 7.68s...
2026-03-02 13:23:20,934 [INFO] [SyncWorker_2] [03750] Syncing: 2024-03-02 -> 2025-03-01
2026-03-02 13:23:25,223 [INFO] [SyncWorker_2] [03750] Probing deep historical window: 2023-08-05 -> 2023-09-04
2026-03-02 13:23:25,223 [INFO] [SyncWorker_2] [03750] Syncing: 2023-08-05 -> 2023-09-04
2026-03-02 13:23:25,277 [INFO] [SyncWorker_0] [09868] Syncing: 2024-03-02 -> 2025-03-01
2026-03-02 13:23:28,975 [INFO] [SyncWorker_2] [03750] IPO reached and verified. Fully backfilled.
2026-03-02 13:23:28,978 [INFO] [SyncWorker_2] [03750] Jitter sleep: 5.60s...
2026-03-02 13:23:29,373 [INFO] [SyncWorker_0] [09868] Jitter sleep: 5.30s...
2026-03-02 13:23:31,180 [INFO] [MainThread] Proxy enabled: http://127.0.0.1:10808
2026-03-02 13:23:31,180 [ERROR] [MainThread] Master Lock exists. Exit.
2026-03-02 13:23:31,181 [INFO] [MainThread] Database connection closed.
2026-03-02 13:23:34,582 [INFO] [SyncWorker_2] [09626] Syncing: 2024-03-02 -> 2025-03-01
2026-03-02 13:23:34,672 [INFO] [SyncWorker_0] [02525] Syncing: 2024-03-02 -> 2025-03-01
2026-03-02 13:23:38,016 [INFO] [SyncWorker_0] [02525] Probing deep historical window: 2023-08-05 -> 2023-09-04
2026-03-02 13:23:38,016 [INFO] [SyncWorker_0] [02525] Syncing: 2023-08-05 -> 2023-09-04
2026-03-02 13:23:39,032 [INFO] [SyncWorker_2] [09626] Jitter sleep: 4.42s...
2026-03-02 13:23:42,961 [INFO] [SyncWorker_0] [02525] IPO reached and verified. Fully backfilled.
2026-03-02 13:23:42,964 [INFO] [SyncWorker_0] [02525] Jitter sleep: 6.52s...
2026-03-02 13:23:43,461 [INFO] [SyncWorker_2] [09660] Syncing: 2024-03-02 -> 2025-03-01
2026-03-02 13:23:46,723 [INFO] [SyncWorker_2] [09660] Jitter sleep: 4.42s...
2026-03-02 13:23:49,491 [INFO] [SyncWorker_0] [SZ000063] Syncing: 2024-03-02 -> 2025-03-01
2026-03-02 13:23:51,150 [INFO] [SyncWorker_2] [SH588200] Syncing: 2024-01-01 -> 2026-03-02
2026-03-02 13:24:08,649 [ERROR] [SyncWorker_0] [SZ000063] Fetch/Save Failed: RetryError[<Future at 0x7f4309a5c350 state=finished raised ProxyError>]
2026-03-02 13:24:08,653 [INFO] [SyncWorker_0] [SZ000063] Jitter sleep: 3.59s...
2026-03-02 13:24:08,657 [ERROR] [SyncWorker_2] [SH588200] Fetch/Save Failed: RetryError[<Future at 0x7f4309a5db10 state=finished raised ProxyError>]
2026-03-02 13:24:08,657 [INFO] [SyncWorker_2] [SH588200] Syncing: 2025-03-02 -> 2026-03-01
2026-03-02 13:24:12,252 [INFO] [SyncWorker_0] [SZ300308] Syncing: 2024-03-02 -> 2025-03-01
2026-03-02 13:24:28,188 [ERROR] [SyncWorker_2] [SH588200] Fetch/Save Failed: RetryError[<Future at 0x7f43095c4b90 state=finished raised ProxyError>]
2026-03-02 13:24:28,195 [INFO] [SyncWorker_2] [SH588200] Jitter sleep: 4.15s...
2026-03-02 13:24:29,797 [ERROR] [SyncWorker_0] [SZ300308] Fetch/Save Failed: RetryError[<Future at 0x7f4309a5c4d0 state=finished raised ProxyError>]
2026-03-02 13:24:29,803 [INFO] [SyncWorker_0] [SZ300308] Jitter sleep: 6.19s...
2026-03-02 13:24:32,350 [INFO] [SyncWorker_2] [SZ300502] Syncing: 2024-03-02 -> 2025-03-01
2026-03-02 13:24:35,999 [INFO] [SyncWorker_0] [SH688017] Syncing: 2024-03-02 -> 2025-03-01
2026-03-02 13:24:50,505 [ERROR] [SyncWorker_2] [SZ300502] Fetch/Save Failed: RetryError[<Future at 0x7f4309a60f10 state=finished raised ProxyError>]
2026-03-02 13:24:50,509 [INFO] [SyncWorker_2] [SZ300502] Jitter sleep: 6.38s...
2026-03-02 13:24:53,797 [ERROR] [SyncWorker_0] [SH688017] Fetch/Save Failed: RetryError[<Future at 0x7f4309a63350 state=finished raised ProxyError>]
2026-03-02 13:24:53,801 [INFO] [SyncWorker_0] [SH688017] Jitter sleep: 7.55s...
2026-03-02 13:43:46,539 [INFO] [MainThread] Proxy enabled: http://127.0.0.1:10808
2026-03-02 13:43:46,549 [INFO] [SyncWorker_1] [SZ000858] Syncing: 2022-03-02 -> 2023-03-01
2026-03-02 13:43:46,552 [INFO] [SyncWorker_0] [SH600519] Syncing: 2022-03-02 -> 2023-03-01
2026-03-02 13:43:46,558 [INFO] [SyncWorker_2] [AAPL] Syncing: 2022-03-02 -> 2023-03-01
2026-03-02 13:43:51,538 [INFO] [SyncWorker_2] [AAPL] Jitter sleep: 5.44s...
2026-03-02 13:43:56,979 [INFO] [SyncWorker_2] [NVDA] Syncing: 2023-03-02 -> 2024-02-29
2026-03-02 13:44:01,898 [INFO] [SyncWorker_2] [NVDA] Jitter sleep: 7.06s...
2026-03-02 13:44:03,267 [ERROR] [SyncWorker_1] [SZ000858] Fetch/Save Failed: RetryError[<Future at 0x7f36afc31650 state=finished raised ProxyError>]
2026-03-02 13:44:03,271 [INFO] [SyncWorker_1] [SZ000858] Jitter sleep: 5.06s...
2026-03-02 13:44:05,160 [ERROR] [SyncWorker_0] [SH600519] Fetch/Save Failed: RetryError[<Future at 0x7f36afc32790 state=finished raised ProxyError>]
2026-03-02 13:44:05,164 [INFO] [SyncWorker_0] [SH600519] Jitter sleep: 3.11s...
2026-03-02 13:44:08,277 [INFO] [SyncWorker_0] [00700] Syncing: 2022-03-02 -> 2023-03-01
2026-03-02 13:44:08,342 [INFO] [SyncWorker_1] [09988] Syncing: 2023-03-03 -> 2024-03-01
2026-03-02 13:44:08,961 [INFO] [SyncWorker_2] [00981] Syncing: 2023-03-03 -> 2024-03-01
2026-03-02 13:44:11,657 [INFO] [SyncWorker_1] [09988] Jitter sleep: 7.87s...
2026-03-02 13:44:12,501 [INFO] [SyncWorker_0] [00700] Jitter sleep: 3.81s...
2026-03-02 13:44:13,269 [INFO] [SyncWorker_2] [00981] Jitter sleep: 5.69s...
2026-03-02 13:44:16,316 [INFO] [SyncWorker_0] [01810] Syncing: 2023-03-03 -> 2024-03-01
2026-03-02 13:44:18,965 [INFO] [SyncWorker_2] [02020] Syncing: 2023-03-03 -> 2024-03-01
2026-03-02 13:44:19,539 [INFO] [SyncWorker_1] [03750] Jitter sleep: 5.51s...
2026-03-02 13:44:20,477 [INFO] [SyncWorker_0] [01810] Jitter sleep: 6.90s...
2026-03-02 13:44:23,621 [INFO] [SyncWorker_2] [02020] Jitter sleep: 6.59s...
2026-03-02 13:44:25,053 [INFO] [SyncWorker_1] [09868] Syncing: 2023-03-03 -> 2024-03-01
2026-03-02 13:44:27,250 [INFO] [SyncWorker_1] [09868] Jitter sleep: 4.83s...
2026-03-02 13:44:27,382 [INFO] [SyncWorker_0] [09626] Syncing: 2023-03-03 -> 2024-03-01
2026-03-02 13:44:30,223 [INFO] [SyncWorker_2] [02525] Jitter sleep: 7.26s...
2026-03-02 13:44:30,373 [INFO] [SyncWorker_0] [09626] Jitter sleep: 6.28s...
2026-03-02 13:44:32,085 [INFO] [SyncWorker_1] [09660] Syncing: 2023-03-03 -> 2024-03-01
2026-03-02 13:44:33,803 [INFO] [SyncWorker_1] [09660] Probing deep historical window: 2022-08-05 -> 2022-09-04
2026-03-02 13:44:33,803 [INFO] [SyncWorker_1] [09660] Syncing: 2022-08-05 -> 2022-09-04
2026-03-02 13:44:35,258 [INFO] [SyncWorker_1] [09660] IPO reached and verified. Fully backfilled.
2026-03-02 13:44:35,261 [INFO] [SyncWorker_1] [09660] Jitter sleep: 3.04s...
2026-03-02 13:44:36,654 [INFO] [SyncWorker_0] [SZ000063] Syncing: 2024-03-02 -> 2025-03-01
2026-03-02 13:44:37,492 [INFO] [SyncWorker_2] [SH588200] Syncing: 2024-01-01 -> 2026-03-02
2026-03-02 13:44:38,303 [INFO] [SyncWorker_1] [SZ300308] Syncing: 2024-03-02 -> 2025-03-01
2026-03-02 13:44:54,390 [ERROR] [SyncWorker_2] [SH588200] Fetch/Save Failed: RetryError[<Future at 0x7f36afae65d0 state=finished raised ProxyError>]
2026-03-02 13:44:54,391 [INFO] [SyncWorker_2] [SH588200] Syncing: 2025-03-02 -> 2026-03-01
2026-03-02 13:44:54,819 [ERROR] [SyncWorker_0] [SZ000063] Fetch/Save Failed: RetryError[<Future at 0x7f36be7b8f90 state=finished raised ProxyError>]
2026-03-02 13:44:54,823 [INFO] [SyncWorker_0] [SZ000063] Jitter sleep: 5.25s...
2026-03-02 13:44:56,237 [ERROR] [SyncWorker_1] [SZ300308] Fetch/Save Failed: RetryError[<Future at 0x7f36afae6710 state=finished raised ProxyError>]
2026-03-02 13:44:56,241 [INFO] [SyncWorker_1] [SZ300308] Jitter sleep: 4.24s...
2026-03-02 13:45:00,077 [INFO] [SyncWorker_0] [SZ300502] Syncing: 2024-03-02 -> 2025-03-01
2026-03-02 13:45:00,490 [INFO] [SyncWorker_1] [SH688017] Syncing: 2024-03-02 -> 2025-03-01
2026-03-02 13:45:11,207 [ERROR] [SyncWorker_2] [SH588200] Fetch/Save Failed: RetryError[<Future at 0x7f36be7a5a90 state=finished raised ProxyError>]
2026-03-02 13:45:11,211 [INFO] [SyncWorker_2] [SH588200] Jitter sleep: 6.33s...
2026-03-02 13:45:17,549 [INFO] [SyncWorker_2] [SH600118] Syncing: 2024-03-02 -> 2025-03-01
2026-03-02 13:45:18,319 [ERROR] [SyncWorker_0] [SZ300502] Fetch/Save Failed: RetryError[<Future at 0x7f36afaf92d0 state=finished raised ProxyError>]
2026-03-02 13:45:18,323 [INFO] [SyncWorker_0] [SZ300502] Jitter sleep: 7.96s...
2026-03-02 13:45:26,284 [INFO] [SyncWorker_0] [SH600893] Syncing: 2024-03-02 -> 2025-03-01
2026-03-02 13:45:29,774 [ERROR] [SyncWorker_1] [SH688017] Fetch/Save Failed: RetryError[<Future at 0x7f36afaf95d0 state=finished raised ProxyError>]
2026-03-02 13:45:29,781 [INFO] [SyncWorker_1] [SH688017] Jitter sleep: 6.46s...
2026-03-02 13:45:36,109 [ERROR] [SyncWorker_2] [SH600118] Fetch/Save Failed: RetryError[<Future at 0x7f36be7ece50 state=finished raised ProxyError>]
2026-03-02 13:45:36,118 [INFO] [SyncWorker_2] [SH600118] Jitter sleep: 4.52s...
2026-03-02 13:45:36,888 [INFO] [MainThread] Proxy enabled: http://127.0.0.1:10808
2026-03-02 13:45:36,888 [INFO] [MainThread] Starting Deep Audit & Fix...
2026-03-02 13:45:36,948 [WARNING] [MainThread] AUDIT ALERT: SH600519 has 1 gaps between 2023-03-02 and 2026-03-02
2026-03-02 13:45:37,003 [WARNING] [MainThread] AUDIT ALERT: SZ000858 has 1 gaps between 2023-03-02 and 2026-03-02
2026-03-02 13:45:37,266 [WARNING] [MainThread] AUDIT ALERT: AAPL has 1 gaps between 2022-03-02 and 2026-03-02
2026-03-02 13:45:37,506 [WARNING] [MainThread] AUDIT ALERT: NVDA has 1 gaps between 2023-03-02 and 2026-03-02
2026-03-02 13:45:37,693 [WARNING] [MainThread] AUDIT ALERT: 00700 has 3 gaps between 2022-03-02 and 2026-03-02
2026-03-02 13:45:37,872 [WARNING] [MainThread] AUDIT ALERT: 09988 has 3 gaps between 2023-03-03 and 2026-03-02
2026-03-02 13:45:38,047 [WARNING] [MainThread] AUDIT ALERT: 00981 has 3 gaps between 2023-03-03 and 2026-03-02
2026-03-02 13:45:38,223 [WARNING] [MainThread] AUDIT ALERT: 01810 has 3 gaps between 2023-03-03 and 2026-03-02
2026-03-02 13:45:38,396 [WARNING] [MainThread] AUDIT ALERT: 02020 has 3 gaps between 2023-03-03 and 2026-03-02
2026-03-02 13:45:38,550 [WARNING] [MainThread] AUDIT ALERT: 03750 has 52 gaps between 2025-03-02 and 2026-03-02
2026-03-02 13:45:38,724 [WARNING] [MainThread] AUDIT ALERT: 09868 has 3 gaps between 2023-03-03 and 2026-03-02
2026-03-02 13:45:38,900 [WARNING] [MainThread] AUDIT ALERT: 09626 has 3 gaps between 2023-03-03 and 2026-03-02
2026-03-02 13:45:39,051 [WARNING] [MainThread] AUDIT ALERT: 02525 has 136 gaps between 2025-03-02 and 2026-03-02
2026-03-02 13:45:39,222 [WARNING] [MainThread] AUDIT ALERT: 09660 has 158 gaps between 2024-03-02 and 2026-03-02
2026-03-02 13:45:39,250 [WARNING] [MainThread] AUDIT ALERT: SZ000063 has 1 gaps between 2025-03-02 and 2026-03-02
2026-03-02 13:45:39,279 [WARNING] [MainThread] AUDIT ALERT: SZ300308 has 1 gaps between 2025-03-02 and 2026-03-02
2026-03-02 13:45:39,309 [WARNING] [MainThread] AUDIT ALERT: SZ300502 has 1 gaps between 2025-03-02 and 2026-03-02
2026-03-02 13:45:39,339 [WARNING] [MainThread] AUDIT ALERT: SH688017 has 1 gaps between 2025-03-02 and 2026-03-02
2026-03-02 13:45:39,368 [WARNING] [MainThread] AUDIT ALERT: SH600118 has 1 gaps between 2025-03-02 and 2026-03-02
2026-03-02 13:45:39,398 [WARNING] [MainThread] AUDIT ALERT: SH600893 has 1 gaps between 2025-03-02 and 2026-03-02
2026-03-02 13:45:39,398 [WARNING] [MainThread] Audit: Found gaps in 20 stocks. Healing...
2026-03-02 13:45:39,398 [INFO] [MainThread] Fixing SH600519 gap: 2026-03-02
2026-03-02 13:45:39,398 [INFO] [MainThread] [SH600519] Syncing: 2026-03-02 -> 2026-03-02
2026-03-02 13:45:45,897 [ERROR] [SyncWorker_0] [SH600893] Fetch/Save Failed: RetryError[<Future at 0x7f36affdda90 state=finished raised ProxyError>]
2026-03-02 13:45:45,901 [INFO] [SyncWorker_0] [SH600893] Jitter sleep: 7.32s...
2026-03-02 13:45:53,225 [INFO] [MainThread] Sync cycle finished. Triggering final audit...
2026-03-02 13:45:53,225 [INFO] [MainThread] Starting Cycle Audit Report...
2026-03-02 13:45:53,285 [WARNING] [MainThread] AUDIT ALERT: SH600519 has 1 gaps between 2023-03-02 and 2026-03-02
2026-03-02 13:45:53,339 [WARNING] [MainThread] AUDIT ALERT: SZ000858 has 1 gaps between 2023-03-02 and 2026-03-02
2026-03-02 13:45:53,587 [WARNING] [MainThread] AUDIT ALERT: AAPL has 1 gaps between 2022-03-02 and 2026-03-02
2026-03-02 13:45:53,830 [WARNING] [MainThread] AUDIT ALERT: NVDA has 1 gaps between 2023-03-02 and 2026-03-02
2026-03-02 13:45:54,020 [WARNING] [MainThread] AUDIT ALERT: 00700 has 3 gaps between 2022-03-02 and 2026-03-02
2026-03-02 13:45:54,199 [WARNING] [MainThread] AUDIT ALERT: 09988 has 3 gaps between 2023-03-03 and 2026-03-02
2026-03-02 13:45:54,389 [WARNING] [MainThread] AUDIT ALERT: 00981 has 3 gaps between 2023-03-03 and 2026-03-02
2026-03-02 13:45:54,569 [WARNING] [MainThread] AUDIT ALERT: 01810 has 3 gaps between 2023-03-03 and 2026-03-02
2026-03-02 13:45:54,750 [WARNING] [MainThread] AUDIT ALERT: 02020 has 3 gaps between 2023-03-03 and 2026-03-02
2026-03-02 13:45:54,944 [WARNING] [MainThread] AUDIT ALERT: 03750 has 52 gaps between 2025-03-02 and 2026-03-02
2026-03-02 13:45:55,122 [WARNING] [MainThread] AUDIT ALERT: 09868 has 3 gaps between 2023-03-03 and 2026-03-02
2026-03-02 13:45:55,301 [WARNING] [MainThread] AUDIT ALERT: 09626 has 3 gaps between 2023-03-03 and 2026-03-02
2026-03-02 13:45:55,453 [WARNING] [MainThread] AUDIT ALERT: 02525 has 136 gaps between 2025-03-02 and 2026-03-02
2026-03-02 13:45:55,615 [WARNING] [MainThread] AUDIT ALERT: 09660 has 158 gaps between 2024-03-02 and 2026-03-02
2026-03-02 13:45:55,644 [WARNING] [MainThread] AUDIT ALERT: SZ000063 has 1 gaps between 2025-03-02 and 2026-03-02
2026-03-02 13:45:55,671 [WARNING] [MainThread] AUDIT ALERT: SZ300308 has 1 gaps between 2025-03-02 and 2026-03-02
2026-03-02 13:45:55,699 [WARNING] [MainThread] AUDIT ALERT: SZ300502 has 1 gaps between 2025-03-02 and 2026-03-02
2026-03-02 13:45:55,727 [WARNING] [MainThread] AUDIT ALERT: SH688017 has 1 gaps between 2025-03-02 and 2026-03-02
2026-03-02 13:45:55,756 [WARNING] [MainThread] AUDIT ALERT: SH600118 has 1 gaps between 2025-03-02 and 2026-03-02
2026-03-02 13:45:55,788 [WARNING] [MainThread] AUDIT ALERT: SH600893 has 1 gaps between 2025-03-02 and 2026-03-02
2026-03-02 13:45:55,789 [WARNING] [MainThread] Audit: FAIL. Gaps found in 20 stocks.
2026-03-02 13:45:57,729 [ERROR] [MainThread] [SH600519] Fetch/Save Failed: RetryError[<Future at 0x7f843cbde1d0 state=finished raised ProxyError>]
2026-03-02 13:45:58,731 [INFO] [MainThread] Fixing SZ000858 gap: 2026-03-02
2026-03-02 13:45:58,731 [INFO] [MainThread] [SZ000858] Syncing: 2026-03-02 -> 2026-03-02
2026-03-02 13:46:15,084 [ERROR] [MainThread] [SZ000858] Fetch/Save Failed: RetryError[<Future at 0x7f843cbcfad0 state=finished raised ProxyError>]
2026-03-02 13:46:16,085 [INFO] [MainThread] Fixing AAPL gap: 2026-03-02
2026-03-02 13:46:16,085 [INFO] [MainThread] [AAPL] Syncing: 2026-03-02 -> 2026-03-02
2026-03-02 13:46:19,939 [INFO] [MainThread] Fixing NVDA gap: 2026-03-02
2026-03-02 13:46:19,939 [INFO] [MainThread] [NVDA] Syncing: 2026-03-02 -> 2026-03-02
2026-03-02 13:46:24,080 [INFO] [MainThread] Fixing 00700 gap: 2023-09-01
2026-03-02 13:46:24,080 [INFO] [MainThread] [00700] Syncing: 2023-09-01 -> 2023-09-01
2026-03-02 13:46:27,943 [INFO] [MainThread] Fixing 00700 gap: 2023-09-08
2026-03-02 13:46:27,943 [INFO] [MainThread] [00700] Syncing: 2023-09-08 -> 2023-09-08
2026-03-02 13:46:40,065 [INFO] [MainThread] Fixing 00700 gap: 2026-03-02
2026-03-02 13:46:40,065 [INFO] [MainThread] [00700] Syncing: 2026-03-02 -> 2026-03-02
2026-03-02 13:46:44,473 [INFO] [MainThread] Fixing 09988 gap: 2023-09-01
2026-03-02 13:46:44,473 [INFO] [MainThread] [09988] Syncing: 2023-09-01 -> 2023-09-01
2026-03-02 13:46:47,246 [INFO] [MainThread] Fixing 09988 gap: 2023-09-08
2026-03-02 13:46:47,246 [INFO] [MainThread] [09988] Syncing: 2023-09-08 -> 2023-09-08
2026-03-02 13:46:52,143 [INFO] [MainThread] Fixing 09988 gap: 2026-03-02
2026-03-02 13:46:52,144 [INFO] [MainThread] [09988] Syncing: 2026-03-02 -> 2026-03-02
2026-03-02 13:46:55,706 [INFO] [MainThread] Fixing 00981 gap: 2023-09-01
2026-03-02 13:46:55,706 [INFO] [MainThread] [00981] Syncing: 2023-09-01 -> 2023-09-01
2026-03-02 13:46:59,073 [INFO] [MainThread] Fixing 00981 gap: 2023-09-08
2026-03-02 13:46:59,073 [INFO] [MainThread] [00981] Syncing: 2023-09-08 -> 2023-09-08
2026-03-02 13:47:06,341 [INFO] [MainThread] Fixing 00981 gap: 2026-03-02
2026-03-02 13:47:06,341 [INFO] [MainThread] [00981] Syncing: 2026-03-02 -> 2026-03-02
2026-03-02 13:47:10,464 [INFO] [MainThread] Fixing 01810 gap: 2023-09-01
2026-03-02 13:47:10,465 [INFO] [MainThread] [01810] Syncing: 2023-09-01 -> 2023-09-01
2026-03-02 13:47:13,287 [INFO] [MainThread] Fixing 01810 gap: 2023-09-08
2026-03-02 13:47:13,287 [INFO] [MainThread] [01810] Syncing: 2023-09-08 -> 2023-09-08
2026-03-02 13:47:16,117 [INFO] [MainThread] Fixing 01810 gap: 2026-03-02
2026-03-02 13:47:16,118 [INFO] [MainThread] [01810] Syncing: 2026-03-02 -> 2026-03-02
2026-03-02 13:47:20,222 [INFO] [MainThread] Fixing 02020 gap: 2023-09-01
2026-03-02 13:47:20,222 [INFO] [MainThread] [02020] Syncing: 2023-09-01 -> 2023-09-01
2026-03-02 13:47:23,522 [INFO] [MainThread] Fixing 02020 gap: 2023-09-08
2026-03-02 13:47:23,522 [INFO] [MainThread] [02020] Syncing: 2023-09-08 -> 2023-09-08
2026-03-02 13:47:28,898 [INFO] [MainThread] Fixing 02020 gap: 2026-03-02
2026-03-02 13:47:28,898 [INFO] [MainThread] [02020] Syncing: 2026-03-02 -> 2026-03-02
2026-03-02 13:47:38,363 [INFO] [MainThread] Fixing 03750 gap: 2025-03-03
2026-03-02 13:47:38,364 [INFO] [MainThread] [03750] Syncing: 2025-03-03 -> 2025-03-03
2026-03-02 13:47:40,744 [INFO] [MainThread] Fixing 03750 gap: 2025-03-04
2026-03-02 13:47:40,744 [INFO] [MainThread] [03750] Syncing: 2025-03-04 -> 2025-03-04
2026-03-02 13:47:43,062 [INFO] [MainThread] Fixing 03750 gap: 2025-03-05
2026-03-02 13:47:43,062 [INFO] [MainThread] [03750] Syncing: 2025-03-05 -> 2025-03-05
2026-03-02 13:47:45,464 [INFO] [MainThread] Fixing 03750 gap: 2025-03-06
2026-03-02 13:47:45,464 [INFO] [MainThread] [03750] Syncing: 2025-03-06 -> 2025-03-06
2026-03-02 13:47:49,832 [INFO] [MainThread] Fixing 03750 gap: 2025-03-07
2026-03-02 13:47:49,833 [INFO] [MainThread] [03750] Syncing: 2025-03-07 -> 2025-03-07
2026-03-02 13:47:51,913 [INFO] [MainThread] Fixing 03750 gap: 2025-03-10
2026-03-02 13:47:51,914 [INFO] [MainThread] [03750] Syncing: 2025-03-10 -> 2025-03-10
2026-03-02 13:47:53,474 [INFO] [MainThread] Fixing 03750 gap: 2025-03-11
2026-03-02 13:47:53,474 [INFO] [MainThread] [03750] Syncing: 2025-03-11 -> 2025-03-11
2026-03-02 13:47:57,356 [INFO] [MainThread] Fixing 03750 gap: 2025-03-12
2026-03-02 13:47:57,356 [INFO] [MainThread] [03750] Syncing: 2025-03-12 -> 2025-03-12
2026-03-02 13:48:00,823 [INFO] [MainThread] Fixing 03750 gap: 2025-03-13
2026-03-02 13:48:00,824 [INFO] [MainThread] [03750] Syncing: 2025-03-13 -> 2025-03-13
2026-03-02 13:48:04,392 [INFO] [MainThread] Fixing 03750 gap: 2025-03-14
2026-03-02 13:48:04,392 [INFO] [MainThread] [03750] Syncing: 2025-03-14 -> 2025-03-14
2026-03-02 13:48:06,151 [INFO] [MainThread] Fixing 03750 gap: 2025-03-17
2026-03-02 13:48:06,152 [INFO] [MainThread] [03750] Syncing: 2025-03-17 -> 2025-03-17
2026-03-02 13:48:07,876 [INFO] [MainThread] Fixing 03750 gap: 2025-03-18
2026-03-02 13:48:07,876 [INFO] [MainThread] [03750] Syncing: 2025-03-18 -> 2025-03-18
2026-03-02 13:48:10,247 [INFO] [MainThread] Fixing 03750 gap: 2025-03-19
2026-03-02 13:48:10,247 [INFO] [MainThread] [03750] Syncing: 2025-03-19 -> 2025-03-19
2026-03-02 13:48:12,314 [INFO] [MainThread] Fixing 03750 gap: 2025-03-20
2026-03-02 13:48:12,315 [INFO] [MainThread] [03750] Syncing: 2025-03-20 -> 2025-03-20
2026-03-02 13:48:14,443 [INFO] [MainThread] Fixing 03750 gap: 2025-03-21
2026-03-02 13:48:14,443 [INFO] [MainThread] [03750] Syncing: 2025-03-21 -> 2025-03-21
2026-03-02 13:48:18,597 [INFO] [MainThread] Fixing 03750 gap: 2025-03-24
2026-03-02 13:48:18,597 [INFO] [MainThread] [03750] Syncing: 2025-03-24 -> 2025-03-24
2026-03-02 13:48:21,843 [INFO] [MainThread] Fixing 03750 gap: 2025-03-25
2026-03-02 13:48:21,843 [INFO] [MainThread] [03750] Syncing: 2025-03-25 -> 2025-03-25
2026-03-02 13:48:23,969 [INFO] [MainThread] Fixing 03750 gap: 2025-03-26
2026-03-02 13:48:23,969 [INFO] [MainThread] [03750] Syncing: 2025-03-26 -> 2025-03-26
2026-03-02 13:48:28,945 [INFO] [MainThread] Fixing 03750 gap: 2025-03-27
2026-03-02 13:48:28,945 [INFO] [MainThread] [03750] Syncing: 2025-03-27 -> 2025-03-27
2026-03-02 13:48:32,003 [INFO] [MainThread] Fixing 03750 gap: 2025-03-28
2026-03-02 13:48:32,003 [INFO] [MainThread] [03750] Syncing: 2025-03-28 -> 2025-03-28
2026-03-02 13:48:34,632 [INFO] [MainThread] Fixing 03750 gap: 2025-03-31
2026-03-02 13:48:34,632 [INFO] [MainThread] [03750] Syncing: 2025-03-31 -> 2025-03-31
2026-03-02 13:48:39,883 [INFO] [MainThread] Fixing 03750 gap: 2025-04-01
2026-03-02 13:48:39,884 [INFO] [MainThread] [03750] Syncing: 2025-04-01 -> 2025-04-01
2026-03-02 13:48:43,841 [INFO] [MainThread] Fixing 03750 gap: 2025-04-02
2026-03-02 13:48:43,841 [INFO] [MainThread] [03750] Syncing: 2025-04-02 -> 2025-04-02
2026-03-02 13:48:46,705 [INFO] [MainThread] Fixing 03750 gap: 2025-04-03
2026-03-02 13:48:46,706 [INFO] [MainThread] [03750] Syncing: 2025-04-03 -> 2025-04-03
2026-03-02 13:48:50,948 [INFO] [MainThread] Fixing 03750 gap: 2025-04-07
2026-03-02 13:48:50,948 [INFO] [MainThread] [03750] Syncing: 2025-04-07 -> 2025-04-07
2026-03-02 13:48:53,576 [INFO] [MainThread] Fixing 03750 gap: 2025-04-08
2026-03-02 13:48:53,576 [INFO] [MainThread] [03750] Syncing: 2025-04-08 -> 2025-04-08
2026-03-02 13:48:56,056 [INFO] [MainThread] Fixing 03750 gap: 2025-04-09
2026-03-02 13:48:56,056 [INFO] [MainThread] [03750] Syncing: 2025-04-09 -> 2025-04-09
2026-03-02 13:48:59,734 [INFO] [MainThread] Fixing 03750 gap: 2025-04-10
2026-03-02 13:48:59,734 [INFO] [MainThread] [03750] Syncing: 2025-04-10 -> 2025-04-10
2026-03-02 13:49:02,508 [INFO] [MainThread] Fixing 03750 gap: 2025-04-11
2026-03-02 13:49:02,508 [INFO] [MainThread] [03750] Syncing: 2025-04-11 -> 2025-04-11
2026-03-02 13:49:06,167 [INFO] [MainThread] Fixing 03750 gap: 2025-04-14
2026-03-02 13:49:06,167 [INFO] [MainThread] [03750] Syncing: 2025-04-14 -> 2025-04-14
2026-03-02 13:49:10,627 [INFO] [MainThread] Fixing 03750 gap: 2025-04-15
2026-03-02 13:49:10,627 [INFO] [MainThread] [03750] Syncing: 2025-04-15 -> 2025-04-15
2026-03-02 13:49:13,260 [INFO] [MainThread] Fixing 03750 gap: 2025-04-16
2026-03-02 13:49:13,261 [INFO] [MainThread] [03750] Syncing: 2025-04-16 -> 2025-04-16
2026-03-02 13:49:15,999 [INFO] [MainThread] Fixing 03750 gap: 2025-04-17
2026-03-02 13:49:15,999 [INFO] [MainThread] [03750] Syncing: 2025-04-17 -> 2025-04-17
2026-03-02 13:49:21,521 [INFO] [MainThread] Fixing 03750 gap: 2025-04-22
2026-03-02 13:49:21,522 [INFO] [MainThread] [03750] Syncing: 2025-04-22 -> 2025-04-22
2026-03-02 13:49:27,048 [INFO] [MainThread] Fixing 03750 gap: 2025-04-23
2026-03-02 13:49:27,048 [INFO] [MainThread] [03750] Syncing: 2025-04-23 -> 2025-04-23
2026-03-02 13:49:30,099 [INFO] [MainThread] Fixing 03750 gap: 2025-04-24
2026-03-02 13:49:30,099 [INFO] [MainThread] [03750] Syncing: 2025-04-24 -> 2025-04-24
2026-03-02 13:49:34,686 [INFO] [MainThread] Fixing 03750 gap: 2025-04-25
2026-03-02 13:49:34,686 [INFO] [MainThread] [03750] Syncing: 2025-04-25 -> 2025-04-25
